<?xml version="1.0" encoding="UTF-8"?>
<testsuite xmlns:xsi="http://www.w3.org/2001/XMLSchema-instance" xsi:noNamespaceSchemaLocation="https://maven.apache.org/surefire/maven-surefire-plugin/xsd/surefire-test-report.xsd" name="com.sfg.BeerOrderServiceApplicationTests" time="6.334" tests="1" errors="0" skipped="0" failures="0">
  <properties>
    <property name="java.specification.version" value="17"/>
    <property name="sun.jnu.encoding" value="UTF-8"/>
    <property name="java.class.path" value="/home/janak/Desktop/workspace/pocs/microservice project/mssc-beer-order-service/target/test-classes:/home/janak/Desktop/workspace/pocs/microservice project/mssc-beer-order-service/target/classes:/home/janak/.m2/repository/org/apache/activemq/artemis-jms-server/2.19.1/artemis-jms-server-2.19.1.jar:/home/janak/.m2/repository/org/jboss/logging/jboss-logging/3.4.3.Final/jboss-logging-3.4.3.Final.jar:/home/janak/.m2/repository/org/apache/activemq/artemis-core-client/2.19.1/artemis-core-client-2.19.1.jar:/home/janak/.m2/repository/org/jgroups/jgroups/3.6.13.Final/jgroups-3.6.13.Final.jar:/home/janak/.m2/repository/org/apache/johnzon/johnzon-core/1.2.19/johnzon-core-1.2.19.jar:/home/janak/.m2/repository/io/netty/netty-transport-native-epoll/4.1.89.Final/netty-transport-native-epoll-4.1.89.Final-linux-x86_64.jar:/home/janak/.m2/repository/io/netty/netty-transport-native-unix-common/4.1.89.Final/netty-transport-native-unix-common-4.1.89.Final.jar:/home/janak/.m2/repository/io/netty/netty-transport-classes-epoll/4.1.89.Final/netty-transport-classes-epoll-4.1.89.Final.jar:/home/janak/.m2/repository/io/netty/netty-transport-native-kqueue/4.1.89.Final/netty-transport-native-kqueue-4.1.89.Final-osx-x86_64.jar:/home/janak/.m2/repository/io/netty/netty-transport-classes-kqueue/4.1.89.Final/netty-transport-classes-kqueue-4.1.89.Final.jar:/home/janak/.m2/repository/io/netty/netty-codec-http/4.1.89.Final/netty-codec-http-4.1.89.Final.jar:/home/janak/.m2/repository/io/netty/netty-buffer/4.1.89.Final/netty-buffer-4.1.89.Final.jar:/home/janak/.m2/repository/io/netty/netty-transport/4.1.89.Final/netty-transport-4.1.89.Final.jar:/home/janak/.m2/repository/io/netty/netty-resolver/4.1.89.Final/netty-resolver-4.1.89.Final.jar:/home/janak/.m2/repository/io/netty/netty-handler/4.1.89.Final/netty-handler-4.1.89.Final.jar:/home/janak/.m2/repository/io/netty/netty-handler-proxy/4.1.89.Final/netty-handler-proxy-4.1.89.Final.jar:/home/janak/.m2/repository/io/netty/netty-codec/4.1.89.Final/netty-codec-4.1.89.Final.jar:/home/janak/.m2/repository/io/netty/netty-codec-socks/4.1.89.Final/netty-codec-socks-4.1.89.Final.jar:/home/janak/.m2/repository/io/netty/netty-common/4.1.89.Final/netty-common-4.1.89.Final.jar:/home/janak/.m2/repository/org/apache/activemq/artemis-jms-client/2.19.1/artemis-jms-client-2.19.1.jar:/home/janak/.m2/repository/org/apache/activemq/artemis-selector/2.19.1/artemis-selector-2.19.1.jar:/home/janak/.m2/repository/org/apache/activemq/artemis-server/2.19.1/artemis-server-2.19.1.jar:/home/janak/.m2/repository/com/google/guava/guava/30.1-jre/guava-30.1-jre.jar:/home/janak/.m2/repository/com/google/guava/failureaccess/1.0.1/failureaccess-1.0.1.jar:/home/janak/.m2/repository/com/google/guava/listenablefuture/9999.0-empty-to-avoid-conflict-with-guava/listenablefuture-9999.0-empty-to-avoid-conflict-with-guava.jar:/home/janak/.m2/repository/com/google/code/findbugs/jsr305/3.0.2/jsr305-3.0.2.jar:/home/janak/.m2/repository/org/checkerframework/checker-qual/3.5.0/checker-qual-3.5.0.jar:/home/janak/.m2/repository/com/google/errorprone/error_prone_annotations/2.3.4/error_prone_annotations-2.3.4.jar:/home/janak/.m2/repository/com/google/j2objc/j2objc-annotations/1.3/j2objc-annotations-1.3.jar:/home/janak/.m2/repository/org/jboss/logmanager/jboss-logmanager/2.1.10.Final/jboss-logmanager-2.1.10.Final.jar:/home/janak/.m2/repository/org/wildfly/common/wildfly-common/1.5.1.Final/wildfly-common-1.5.1.Final.jar:/home/janak/.m2/repository/org/apache/activemq/artemis-jdbc-store/2.19.1/artemis-jdbc-store-2.19.1.jar:/home/janak/.m2/repository/org/apache/commons/commons-dbcp2/2.9.0/commons-dbcp2-2.9.0.jar:/home/janak/.m2/repository/org/apache/commons/commons-pool2/2.11.1/commons-pool2-2.11.1.jar:/home/janak/.m2/repository/org/apache/activemq/artemis-quorum-api/2.19.1/artemis-quorum-api-2.19.1.jar:/home/janak/.m2/repository/org/apache/activemq/activemq-artemis-native/1.0.2/activemq-artemis-native-1.0.2.jar:/home/janak/.m2/repository/org/jctools/jctools-core/2.1.2/jctools-core-2.1.2.jar:/home/janak/.m2/repository/commons-beanutils/commons-beanutils/1.9.4/commons-beanutils-1.9.4.jar:/home/janak/.m2/repository/commons-collections/commons-collections/3.2.2/commons-collections-3.2.2.jar:/home/janak/.m2/repository/org/apache/commons/commons-configuration2/2.7/commons-configuration2-2.7.jar:/home/janak/.m2/repository/org/apache/commons/commons-text/1.8/commons-text-1.8.jar:/home/janak/.m2/repository/commons-io/commons-io/2.10.0/commons-io-2.10.0.jar:/home/janak/.m2/repository/org/apache/activemq/artemis-journal/2.19.1/artemis-journal-2.19.1.jar:/home/janak/.m2/repository/org/apache/activemq/artemis-commons/2.19.1/artemis-commons-2.19.1.jar:/home/janak/.m2/repository/org/apache/activemq/artemis-service-extensions/2.19.1/artemis-service-extensions-2.19.1.jar:/home/janak/.m2/repository/jakarta/jms/jakarta.jms-api/2.0.3/jakarta.jms-api-2.0.3.jar:/home/janak/.m2/repository/jakarta/transaction/jakarta.transaction-api/1.3.3/jakarta.transaction-api-1.3.3.jar:/home/janak/.m2/repository/jakarta/json/jakarta.json-api/1.1.6/jakarta.json-api-1.1.6.jar:/home/janak/.m2/repository/com/github/JensPiegsa/wiremock-extension/0.4.0/wiremock-extension-0.4.0.jar:/home/janak/.m2/repository/com/github/tomakehurst/wiremock/2.19.0/wiremock-2.19.0.jar:/home/janak/.m2/repository/org/eclipse/jetty/jetty-server/9.4.50.v20221201/jetty-server-9.4.50.v20221201.jar:/home/janak/.m2/repository/javax/servlet/javax.servlet-api/4.0.1/javax.servlet-api-4.0.1.jar:/home/janak/.m2/repository/org/eclipse/jetty/jetty-http/9.4.50.v20221201/jetty-http-9.4.50.v20221201.jar:/home/janak/.m2/repository/org/eclipse/jetty/jetty-io/9.4.50.v20221201/jetty-io-9.4.50.v20221201.jar:/home/janak/.m2/repository/org/eclipse/jetty/jetty-servlet/9.4.50.v20221201/jetty-servlet-9.4.50.v20221201.jar:/home/janak/.m2/repository/org/eclipse/jetty/jetty-security/9.4.50.v20221201/jetty-security-9.4.50.v20221201.jar:/home/janak/.m2/repository/org/eclipse/jetty/jetty-util-ajax/9.4.50.v20221201/jetty-util-ajax-9.4.50.v20221201.jar:/home/janak/.m2/repository/org/eclipse/jetty/jetty-servlets/9.4.50.v20221201/jetty-servlets-9.4.50.v20221201.jar:/home/janak/.m2/repository/org/eclipse/jetty/jetty-continuation/9.4.50.v20221201/jetty-continuation-9.4.50.v20221201.jar:/home/janak/.m2/repository/org/eclipse/jetty/jetty-util/9.4.50.v20221201/jetty-util-9.4.50.v20221201.jar:/home/janak/.m2/repository/org/eclipse/jetty/jetty-webapp/9.4.50.v20221201/jetty-webapp-9.4.50.v20221201.jar:/home/janak/.m2/repository/org/eclipse/jetty/jetty-xml/9.4.50.v20221201/jetty-xml-9.4.50.v20221201.jar:/home/janak/.m2/repository/com/fasterxml/jackson/core/jackson-core/2.13.5/jackson-core-2.13.5.jar:/home/janak/.m2/repository/com/fasterxml/jackson/core/jackson-annotations/2.13.5/jackson-annotations-2.13.5.jar:/home/janak/.m2/repository/org/apache/httpcomponents/httpclient/4.5.14/httpclient-4.5.14.jar:/home/janak/.m2/repository/org/apache/httpcomponents/httpcore/4.4.16/httpcore-4.4.16.jar:/home/janak/.m2/repository/commons-codec/commons-codec/1.15/commons-codec-1.15.jar:/home/janak/.m2/repository/org/xmlunit/xmlunit-legacy/2.9.1/xmlunit-legacy-2.9.1.jar:/home/janak/.m2/repository/org/slf4j/slf4j-api/1.7.36/slf4j-api-1.7.36.jar:/home/janak/.m2/repository/net/sf/jopt-simple/jopt-simple/5.0.3/jopt-simple-5.0.3.jar:/home/janak/.m2/repository/junit/junit/4.13.2/junit-4.13.2.jar:/home/janak/.m2/repository/org/apache/commons/commons-lang3/3.12.0/commons-lang3-3.12.0.jar:/home/janak/.m2/repository/com/flipkart/zjsonpatch/zjsonpatch/0.4.4/zjsonpatch-0.4.4.jar:/home/janak/.m2/repository/com/github/jknack/handlebars/4.0.7/handlebars-4.0.7.jar:/home/janak/.m2/repository/org/antlr/antlr4-runtime/4.7.1/antlr4-runtime-4.7.1.jar:/home/janak/.m2/repository/com/github/jknack/handlebars-helpers/4.0.7/handlebars-helpers-4.0.7.jar:/home/janak/.m2/repository/org/junit/jupiter/junit-jupiter-api/5.8.2/junit-jupiter-api-5.8.2.jar:/home/janak/.m2/repository/org/opentest4j/opentest4j/1.2.0/opentest4j-1.2.0.jar:/home/janak/.m2/repository/org/junit/platform/junit-platform-commons/1.8.2/junit-platform-commons-1.8.2.jar:/home/janak/.m2/repository/org/apiguardian/apiguardian-api/1.1.2/apiguardian-api-1.1.2.jar:/home/janak/.m2/repository/org/awaitility/awaitility/4.2.0/awaitility-4.2.0.jar:/home/janak/.m2/repository/org/hamcrest/hamcrest/2.2/hamcrest-2.2.jar:/home/janak/.m2/repository/org/springframework/spring-jms/5.3.25/spring-jms-5.3.25.jar:/home/janak/.m2/repository/org/springframework/spring-beans/5.3.25/spring-beans-5.3.25.jar:/home/janak/.m2/repository/org/springframework/spring-core/5.3.25/spring-core-5.3.25.jar:/home/janak/.m2/repository/org/springframework/spring-jcl/5.3.25/spring-jcl-5.3.25.jar:/home/janak/.m2/repository/org/springframework/spring-messaging/5.3.25/spring-messaging-5.3.25.jar:/home/janak/.m2/repository/org/springframework/spring-tx/5.3.25/spring-tx-5.3.25.jar:/home/janak/.m2/repository/javax/jms/javax.jms-api/2.0.1/javax.jms-api-2.0.1.jar:/home/janak/.m2/repository/org/apache/activemq/activemq-broker/5.16.6/activemq-broker-5.16.6.jar:/home/janak/.m2/repository/org/apache/activemq/activemq-client/5.16.6/activemq-client-5.16.6.jar:/home/janak/.m2/repository/org/apache/geronimo/specs/geronimo-jms_1.1_spec/1.1.1/geronimo-jms_1.1_spec-1.1.1.jar:/home/janak/.m2/repository/org/fusesource/hawtbuf/hawtbuf/1.11/hawtbuf-1.11.jar:/home/janak/.m2/repository/org/apache/geronimo/specs/geronimo-j2ee-management_1.1_spec/1.0.1/geronimo-j2ee-management_1.1_spec-1.0.1.jar:/home/janak/.m2/repository/org/apache/activemq/activemq-openwire-legacy/5.16.6/activemq-openwire-legacy-5.16.6.jar:/home/janak/.m2/repository/com/fasterxml/jackson/core/jackson-databind/2.13.5/jackson-databind-2.13.5.jar:/home/janak/.m2/repository/org/springframework/statemachine/spring-statemachine-core/3.2.0/spring-statemachine-core-3.2.0.jar:/home/janak/.m2/repository/io/projectreactor/reactor-core/3.4.27/reactor-core-3.4.27.jar:/home/janak/.m2/repository/org/reactivestreams/reactive-streams/1.0.4/reactive-streams-1.0.4.jar:/home/janak/.m2/repository/org/springframework/boot/spring-boot-starter-artemis/2.7.9/spring-boot-starter-artemis-2.7.9.jar:/home/janak/.m2/repository/org/springframework/boot/spring-boot-starter/2.7.9/spring-boot-starter-2.7.9.jar:/home/janak/.m2/repository/org/springframework/boot/spring-boot-starter-logging/2.7.9/spring-boot-starter-logging-2.7.9.jar:/home/janak/.m2/repository/ch/qos/logback/logback-classic/1.2.11/logback-classic-1.2.11.jar:/home/janak/.m2/repository/ch/qos/logback/logback-core/1.2.11/logback-core-1.2.11.jar:/home/janak/.m2/repository/org/apache/logging/log4j/log4j-to-slf4j/2.17.2/log4j-to-slf4j-2.17.2.jar:/home/janak/.m2/repository/org/apache/logging/log4j/log4j-api/2.17.2/log4j-api-2.17.2.jar:/home/janak/.m2/repository/org/slf4j/jul-to-slf4j/1.7.36/jul-to-slf4j-1.7.36.jar:/home/janak/.m2/repository/jakarta/annotation/jakarta.annotation-api/1.3.5/jakarta.annotation-api-1.3.5.jar:/home/janak/.m2/repository/org/yaml/snakeyaml/1.30/snakeyaml-1.30.jar:/home/janak/.m2/repository/org/springframework/cloud/spring-cloud-starter-netflix-eureka-client/3.1.5/spring-cloud-starter-netflix-eureka-client-3.1.5.jar:/home/janak/.m2/repository/org/springframework/cloud/spring-cloud-starter/3.1.6/spring-cloud-starter-3.1.6.jar:/home/janak/.m2/repository/org/springframework/cloud/spring-cloud-context/3.1.6/spring-cloud-context-3.1.6.jar:/home/janak/.m2/repository/org/springframework/security/spring-security-rsa/1.0.11.RELEASE/spring-security-rsa-1.0.11.RELEASE.jar:/home/janak/.m2/repository/org/bouncycastle/bcpkix-jdk15on/1.69/bcpkix-jdk15on-1.69.jar:/home/janak/.m2/repository/org/bouncycastle/bcprov-jdk15on/1.69/bcprov-jdk15on-1.69.jar:/home/janak/.m2/repository/org/bouncycastle/bcutil-jdk15on/1.69/bcutil-jdk15on-1.69.jar:/home/janak/.m2/repository/org/springframework/cloud/spring-cloud-netflix-eureka-client/3.1.5/spring-cloud-netflix-eureka-client-3.1.5.jar:/home/janak/.m2/repository/com/netflix/eureka/eureka-client/1.10.17/eureka-client-1.10.17.jar:/home/janak/.m2/repository/com/netflix/netflix-commons/netflix-eventbus/0.3.0/netflix-eventbus-0.3.0.jar:/home/janak/.m2/repository/com/netflix/netflix-commons/netflix-infix/0.3.0/netflix-infix-0.3.0.jar:/home/janak/.m2/repository/commons-jxpath/commons-jxpath/1.3/commons-jxpath-1.3.jar:/home/janak/.m2/repository/joda-time/joda-time/2.3/joda-time-2.3.jar:/home/janak/.m2/repository/org/antlr/antlr-runtime/3.4/antlr-runtime-3.4.jar:/home/janak/.m2/repository/org/antlr/stringtemplate/3.2.1/stringtemplate-3.2.1.jar:/home/janak/.m2/repository/com/google/code/gson/gson/2.9.1/gson-2.9.1.jar:/home/janak/.m2/repository/org/apache/commons/commons-math/2.2/commons-math-2.2.jar:/home/janak/.m2/repository/com/thoughtworks/xstream/xstream/1.4.18/xstream-1.4.18.jar:/home/janak/.m2/repository/io/github/x-stream/mxparser/1.2.2/mxparser-1.2.2.jar:/home/janak/.m2/repository/xmlpull/xmlpull/1.1.3.1/xmlpull-1.1.3.1.jar:/home/janak/.m2/repository/javax/ws/rs/jsr311-api/1.1.1/jsr311-api-1.1.1.jar:/home/janak/.m2/repository/com/netflix/servo/servo-core/0.12.21/servo-core-0.12.21.jar:/home/janak/.m2/repository/commons-configuration/commons-configuration/1.10/commons-configuration-1.10.jar:/home/janak/.m2/repository/commons-lang/commons-lang/2.6/commons-lang-2.6.jar:/home/janak/.m2/repository/com/google/inject/guice/4.1.0/guice-4.1.0.jar:/home/janak/.m2/repository/javax/inject/javax.inject/1/javax.inject-1.jar:/home/janak/.m2/repository/org/codehaus/jettison/jettison/1.4.0/jettison-1.4.0.jar:/home/janak/.m2/repository/com/netflix/eureka/eureka-core/1.10.17/eureka-core-1.10.17.jar:/home/janak/.m2/repository/com/fasterxml/woodstox/woodstox-core/6.2.1/woodstox-core-6.2.1.jar:/home/janak/.m2/repository/org/codehaus/woodstox/stax2-api/4.2.1/stax2-api-4.2.1.jar:/home/janak/.m2/repository/org/springframework/cloud/spring-cloud-starter-loadbalancer/3.1.6/spring-cloud-starter-loadbalancer-3.1.6.jar:/home/janak/.m2/repository/org/springframework/cloud/spring-cloud-loadbalancer/3.1.6/spring-cloud-loadbalancer-3.1.6.jar:/home/janak/.m2/repository/io/projectreactor/addons/reactor-extra/3.4.9/reactor-extra-3.4.9.jar:/home/janak/.m2/repository/org/springframework/boot/spring-boot-starter-cache/2.7.9/spring-boot-starter-cache-2.7.9.jar:/home/janak/.m2/repository/org/springframework/spring-context-support/5.3.25/spring-context-support-5.3.25.jar:/home/janak/.m2/repository/com/stoyanr/evictor/1.0.0/evictor-1.0.0.jar:/home/janak/.m2/repository/org/springframework/boot/spring-boot-starter-web/2.7.9/spring-boot-starter-web-2.7.9.jar:/home/janak/.m2/repository/org/springframework/boot/spring-boot-starter-json/2.7.9/spring-boot-starter-json-2.7.9.jar:/home/janak/.m2/repository/com/fasterxml/jackson/datatype/jackson-datatype-jdk8/2.13.5/jackson-datatype-jdk8-2.13.5.jar:/home/janak/.m2/repository/com/fasterxml/jackson/datatype/jackson-datatype-jsr310/2.13.5/jackson-datatype-jsr310-2.13.5.jar:/home/janak/.m2/repository/com/fasterxml/jackson/module/jackson-module-parameter-names/2.13.5/jackson-module-parameter-names-2.13.5.jar:/home/janak/.m2/repository/org/springframework/boot/spring-boot-starter-tomcat/2.7.9/spring-boot-starter-tomcat-2.7.9.jar:/home/janak/.m2/repository/org/apache/tomcat/embed/tomcat-embed-core/9.0.71/tomcat-embed-core-9.0.71.jar:/home/janak/.m2/repository/org/apache/tomcat/embed/tomcat-embed-websocket/9.0.71/tomcat-embed-websocket-9.0.71.jar:/home/janak/.m2/repository/org/springframework/spring-web/5.3.25/spring-web-5.3.25.jar:/home/janak/.m2/repository/org/springframework/spring-webmvc/5.3.25/spring-webmvc-5.3.25.jar:/home/janak/.m2/repository/org/springframework/spring-aop/5.3.25/spring-aop-5.3.25.jar:/home/janak/.m2/repository/org/springframework/spring-context/5.3.25/spring-context-5.3.25.jar:/home/janak/.m2/repository/org/springframework/spring-expression/5.3.25/spring-expression-5.3.25.jar:/home/janak/.m2/repository/org/springframework/boot/spring-boot-starter-validation/2.7.9/spring-boot-starter-validation-2.7.9.jar:/home/janak/.m2/repository/org/apache/tomcat/embed/tomcat-embed-el/9.0.71/tomcat-embed-el-9.0.71.jar:/home/janak/.m2/repository/org/hibernate/validator/hibernate-validator/6.2.5.Final/hibernate-validator-6.2.5.Final.jar:/home/janak/.m2/repository/jakarta/validation/jakarta.validation-api/2.0.2/jakarta.validation-api-2.0.2.jar:/home/janak/.m2/repository/com/fasterxml/classmate/1.5.1/classmate-1.5.1.jar:/home/janak/.m2/repository/org/springframework/boot/spring-boot-starter-actuator/2.7.9/spring-boot-starter-actuator-2.7.9.jar:/home/janak/.m2/repository/org/springframework/boot/spring-boot-actuator-autoconfigure/2.7.9/spring-boot-actuator-autoconfigure-2.7.9.jar:/home/janak/.m2/repository/org/springframework/boot/spring-boot-actuator/2.7.9/spring-boot-actuator-2.7.9.jar:/home/janak/.m2/repository/io/micrometer/micrometer-core/1.9.8/micrometer-core-1.9.8.jar:/home/janak/.m2/repository/org/hdrhistogram/HdrHistogram/2.1.12/HdrHistogram-2.1.12.jar:/home/janak/.m2/repository/org/latencyutils/LatencyUtils/2.0.3/LatencyUtils-2.0.3.jar:/home/janak/.m2/repository/org/springframework/boot/spring-boot-starter-data-jpa/2.7.9/spring-boot-starter-data-jpa-2.7.9.jar:/home/janak/.m2/repository/org/springframework/boot/spring-boot-starter-aop/2.7.9/spring-boot-starter-aop-2.7.9.jar:/home/janak/.m2/repository/org/aspectj/aspectjweaver/1.9.7/aspectjweaver-1.9.7.jar:/home/janak/.m2/repository/org/springframework/boot/spring-boot-starter-jdbc/2.7.9/spring-boot-starter-jdbc-2.7.9.jar:/home/janak/.m2/repository/com/zaxxer/HikariCP/4.0.3/HikariCP-4.0.3.jar:/home/janak/.m2/repository/org/springframework/spring-jdbc/5.3.25/spring-jdbc-5.3.25.jar:/home/janak/.m2/repository/jakarta/persistence/jakarta.persistence-api/2.2.3/jakarta.persistence-api-2.2.3.jar:/home/janak/.m2/repository/org/hibernate/hibernate-core/5.6.15.Final/hibernate-core-5.6.15.Final.jar:/home/janak/.m2/repository/net/bytebuddy/byte-buddy/1.12.23/byte-buddy-1.12.23.jar:/home/janak/.m2/repository/antlr/antlr/2.7.7/antlr-2.7.7.jar:/home/janak/.m2/repository/org/jboss/jandex/2.4.2.Final/jandex-2.4.2.Final.jar:/home/janak/.m2/repository/org/hibernate/common/hibernate-commons-annotations/5.1.2.Final/hibernate-commons-annotations-5.1.2.Final.jar:/home/janak/.m2/repository/org/glassfish/jaxb/jaxb-runtime/2.3.8/jaxb-runtime-2.3.8.jar:/home/janak/.m2/repository/org/glassfish/jaxb/txw2/2.3.8/txw2-2.3.8.jar:/home/janak/.m2/repository/com/sun/istack/istack-commons-runtime/3.0.12/istack-commons-runtime-3.0.12.jar:/home/janak/.m2/repository/com/sun/activation/jakarta.activation/1.2.2/jakarta.activation-1.2.2.jar:/home/janak/.m2/repository/org/springframework/data/spring-data-jpa/2.7.8/spring-data-jpa-2.7.8.jar:/home/janak/.m2/repository/org/springframework/data/spring-data-commons/2.7.8/spring-data-commons-2.7.8.jar:/home/janak/.m2/repository/org/springframework/spring-orm/5.3.25/spring-orm-5.3.25.jar:/home/janak/.m2/repository/org/springframework/spring-aspects/5.3.25/spring-aspects-5.3.25.jar:/home/janak/.m2/repository/com/h2database/h2/2.1.214/h2-2.1.214.jar:/home/janak/.m2/repository/org/springframework/boot/spring-boot-devtools/2.7.9/spring-boot-devtools-2.7.9.jar:/home/janak/.m2/repository/org/springframework/boot/spring-boot/2.7.9/spring-boot-2.7.9.jar:/home/janak/.m2/repository/org/springframework/boot/spring-boot-autoconfigure/2.7.9/spring-boot-autoconfigure-2.7.9.jar:/home/janak/.m2/repository/com/mysql/mysql-connector-j/8.0.32/mysql-connector-j-8.0.32.jar:/home/janak/.m2/repository/org/springframework/cloud/spring-cloud-starter-openfeign/3.1.6/spring-cloud-starter-openfeign-3.1.6.jar:/home/janak/.m2/repository/org/springframework/cloud/spring-cloud-openfeign-core/3.1.6/spring-cloud-openfeign-core-3.1.6.jar:/home/janak/.m2/repository/io/github/openfeign/form/feign-form-spring/3.8.0/feign-form-spring-3.8.0.jar:/home/janak/.m2/repository/io/github/openfeign/form/feign-form/3.8.0/feign-form-3.8.0.jar:/home/janak/.m2/repository/commons-fileupload/commons-fileupload/1.4/commons-fileupload-1.4.jar:/home/janak/.m2/repository/org/springframework/cloud/spring-cloud-commons/3.1.6/spring-cloud-commons-3.1.6.jar:/home/janak/.m2/repository/org/springframework/security/spring-security-crypto/5.7.7/spring-security-crypto-5.7.7.jar:/home/janak/.m2/repository/io/github/openfeign/feign-core/11.10/feign-core-11.10.jar:/home/janak/.m2/repository/io/github/openfeign/feign-slf4j/11.10/feign-slf4j-11.10.jar:/home/janak/.m2/repository/org/projectlombok/lombok/1.18.26/lombok-1.18.26.jar:/home/janak/.m2/repository/org/mapstruct/mapstruct/1.3.0.Final/mapstruct-1.3.0.Final.jar:/home/janak/.m2/repository/org/springframework/boot/spring-boot-starter-test/2.7.9/spring-boot-starter-test-2.7.9.jar:/home/janak/.m2/repository/org/springframework/boot/spring-boot-test/2.7.9/spring-boot-test-2.7.9.jar:/home/janak/.m2/repository/org/springframework/boot/spring-boot-test-autoconfigure/2.7.9/spring-boot-test-autoconfigure-2.7.9.jar:/home/janak/.m2/repository/com/jayway/jsonpath/json-path/2.7.0/json-path-2.7.0.jar:/home/janak/.m2/repository/net/minidev/json-smart/2.4.8/json-smart-2.4.8.jar:/home/janak/.m2/repository/net/minidev/accessors-smart/2.4.8/accessors-smart-2.4.8.jar:/home/janak/.m2/repository/org/ow2/asm/asm/9.1/asm-9.1.jar:/home/janak/.m2/repository/jakarta/xml/bind/jakarta.xml.bind-api/2.3.3/jakarta.xml.bind-api-2.3.3.jar:/home/janak/.m2/repository/jakarta/activation/jakarta.activation-api/1.2.2/jakarta.activation-api-1.2.2.jar:/home/janak/.m2/repository/org/assertj/assertj-core/3.22.0/assertj-core-3.22.0.jar:/home/janak/.m2/repository/org/junit/jupiter/junit-jupiter/5.8.2/junit-jupiter-5.8.2.jar:/home/janak/.m2/repository/org/junit/jupiter/junit-jupiter-params/5.8.2/junit-jupiter-params-5.8.2.jar:/home/janak/.m2/repository/org/junit/jupiter/junit-jupiter-engine/5.8.2/junit-jupiter-engine-5.8.2.jar:/home/janak/.m2/repository/org/junit/platform/junit-platform-engine/1.8.2/junit-platform-engine-1.8.2.jar:/home/janak/.m2/repository/org/mockito/mockito-core/4.5.1/mockito-core-4.5.1.jar:/home/janak/.m2/repository/net/bytebuddy/byte-buddy-agent/1.12.23/byte-buddy-agent-1.12.23.jar:/home/janak/.m2/repository/org/objenesis/objenesis/3.2/objenesis-3.2.jar:/home/janak/.m2/repository/org/mockito/mockito-junit-jupiter/4.5.1/mockito-junit-jupiter-4.5.1.jar:/home/janak/.m2/repository/org/skyscreamer/jsonassert/1.5.1/jsonassert-1.5.1.jar:/home/janak/.m2/repository/com/vaadin/external/google/android-json/0.0.20131108.vaadin1/android-json-0.0.20131108.vaadin1.jar:/home/janak/.m2/repository/org/springframework/spring-test/5.3.25/spring-test-5.3.25.jar:/home/janak/.m2/repository/org/xmlunit/xmlunit-core/2.9.1/xmlunit-core-2.9.1.jar:"/>
    <property name="java.vm.vendor" value="Private Build"/>
    <property name="sun.arch.data.model" value="64"/>
    <property name="java.vendor.url" value="Unknown"/>
    <property name="os.name" value="Linux"/>
    <property name="java.vm.specification.version" value="17"/>
    <property name="sun.java.launcher" value="SUN_STANDARD"/>
    <property name="user.country" value="IN"/>
    <property name="sun.boot.library.path" value="/usr/lib/jvm/java-17-openjdk-amd64/lib"/>
    <property name="sun.java.command" value="/home/janak/Desktop/workspace/pocs/microservice project/mssc-beer-order-service/target/surefire/surefirebooter2471965623762738593.jar /home/janak/Desktop/workspace/pocs/microservice project/mssc-beer-order-service/target/surefire 2023-03-28T11-41-28_169-jvmRun1 surefire1565178182704308591tmp surefire_09690270685540293380tmp"/>
    <property name="jdk.debug" value="release"/>
    <property name="surefire.test.class.path" value="/home/janak/Desktop/workspace/pocs/microservice project/mssc-beer-order-service/target/test-classes:/home/janak/Desktop/workspace/pocs/microservice project/mssc-beer-order-service/target/classes:/home/janak/.m2/repository/org/apache/activemq/artemis-jms-server/2.19.1/artemis-jms-server-2.19.1.jar:/home/janak/.m2/repository/org/jboss/logging/jboss-logging/3.4.3.Final/jboss-logging-3.4.3.Final.jar:/home/janak/.m2/repository/org/apache/activemq/artemis-core-client/2.19.1/artemis-core-client-2.19.1.jar:/home/janak/.m2/repository/org/jgroups/jgroups/3.6.13.Final/jgroups-3.6.13.Final.jar:/home/janak/.m2/repository/org/apache/johnzon/johnzon-core/1.2.19/johnzon-core-1.2.19.jar:/home/janak/.m2/repository/io/netty/netty-transport-native-epoll/4.1.89.Final/netty-transport-native-epoll-4.1.89.Final-linux-x86_64.jar:/home/janak/.m2/repository/io/netty/netty-transport-native-unix-common/4.1.89.Final/netty-transport-native-unix-common-4.1.89.Final.jar:/home/janak/.m2/repository/io/netty/netty-transport-classes-epoll/4.1.89.Final/netty-transport-classes-epoll-4.1.89.Final.jar:/home/janak/.m2/repository/io/netty/netty-transport-native-kqueue/4.1.89.Final/netty-transport-native-kqueue-4.1.89.Final-osx-x86_64.jar:/home/janak/.m2/repository/io/netty/netty-transport-classes-kqueue/4.1.89.Final/netty-transport-classes-kqueue-4.1.89.Final.jar:/home/janak/.m2/repository/io/netty/netty-codec-http/4.1.89.Final/netty-codec-http-4.1.89.Final.jar:/home/janak/.m2/repository/io/netty/netty-buffer/4.1.89.Final/netty-buffer-4.1.89.Final.jar:/home/janak/.m2/repository/io/netty/netty-transport/4.1.89.Final/netty-transport-4.1.89.Final.jar:/home/janak/.m2/repository/io/netty/netty-resolver/4.1.89.Final/netty-resolver-4.1.89.Final.jar:/home/janak/.m2/repository/io/netty/netty-handler/4.1.89.Final/netty-handler-4.1.89.Final.jar:/home/janak/.m2/repository/io/netty/netty-handler-proxy/4.1.89.Final/netty-handler-proxy-4.1.89.Final.jar:/home/janak/.m2/repository/io/netty/netty-codec/4.1.89.Final/netty-codec-4.1.89.Final.jar:/home/janak/.m2/repository/io/netty/netty-codec-socks/4.1.89.Final/netty-codec-socks-4.1.89.Final.jar:/home/janak/.m2/repository/io/netty/netty-common/4.1.89.Final/netty-common-4.1.89.Final.jar:/home/janak/.m2/repository/org/apache/activemq/artemis-jms-client/2.19.1/artemis-jms-client-2.19.1.jar:/home/janak/.m2/repository/org/apache/activemq/artemis-selector/2.19.1/artemis-selector-2.19.1.jar:/home/janak/.m2/repository/org/apache/activemq/artemis-server/2.19.1/artemis-server-2.19.1.jar:/home/janak/.m2/repository/com/google/guava/guava/30.1-jre/guava-30.1-jre.jar:/home/janak/.m2/repository/com/google/guava/failureaccess/1.0.1/failureaccess-1.0.1.jar:/home/janak/.m2/repository/com/google/guava/listenablefuture/9999.0-empty-to-avoid-conflict-with-guava/listenablefuture-9999.0-empty-to-avoid-conflict-with-guava.jar:/home/janak/.m2/repository/com/google/code/findbugs/jsr305/3.0.2/jsr305-3.0.2.jar:/home/janak/.m2/repository/org/checkerframework/checker-qual/3.5.0/checker-qual-3.5.0.jar:/home/janak/.m2/repository/com/google/errorprone/error_prone_annotations/2.3.4/error_prone_annotations-2.3.4.jar:/home/janak/.m2/repository/com/google/j2objc/j2objc-annotations/1.3/j2objc-annotations-1.3.jar:/home/janak/.m2/repository/org/jboss/logmanager/jboss-logmanager/2.1.10.Final/jboss-logmanager-2.1.10.Final.jar:/home/janak/.m2/repository/org/wildfly/common/wildfly-common/1.5.1.Final/wildfly-common-1.5.1.Final.jar:/home/janak/.m2/repository/org/apache/activemq/artemis-jdbc-store/2.19.1/artemis-jdbc-store-2.19.1.jar:/home/janak/.m2/repository/org/apache/commons/commons-dbcp2/2.9.0/commons-dbcp2-2.9.0.jar:/home/janak/.m2/repository/org/apache/commons/commons-pool2/2.11.1/commons-pool2-2.11.1.jar:/home/janak/.m2/repository/org/apache/activemq/artemis-quorum-api/2.19.1/artemis-quorum-api-2.19.1.jar:/home/janak/.m2/repository/org/apache/activemq/activemq-artemis-native/1.0.2/activemq-artemis-native-1.0.2.jar:/home/janak/.m2/repository/org/jctools/jctools-core/2.1.2/jctools-core-2.1.2.jar:/home/janak/.m2/repository/commons-beanutils/commons-beanutils/1.9.4/commons-beanutils-1.9.4.jar:/home/janak/.m2/repository/commons-collections/commons-collections/3.2.2/commons-collections-3.2.2.jar:/home/janak/.m2/repository/org/apache/commons/commons-configuration2/2.7/commons-configuration2-2.7.jar:/home/janak/.m2/repository/org/apache/commons/commons-text/1.8/commons-text-1.8.jar:/home/janak/.m2/repository/commons-io/commons-io/2.10.0/commons-io-2.10.0.jar:/home/janak/.m2/repository/org/apache/activemq/artemis-journal/2.19.1/artemis-journal-2.19.1.jar:/home/janak/.m2/repository/org/apache/activemq/artemis-commons/2.19.1/artemis-commons-2.19.1.jar:/home/janak/.m2/repository/org/apache/activemq/artemis-service-extensions/2.19.1/artemis-service-extensions-2.19.1.jar:/home/janak/.m2/repository/jakarta/jms/jakarta.jms-api/2.0.3/jakarta.jms-api-2.0.3.jar:/home/janak/.m2/repository/jakarta/transaction/jakarta.transaction-api/1.3.3/jakarta.transaction-api-1.3.3.jar:/home/janak/.m2/repository/jakarta/json/jakarta.json-api/1.1.6/jakarta.json-api-1.1.6.jar:/home/janak/.m2/repository/com/github/JensPiegsa/wiremock-extension/0.4.0/wiremock-extension-0.4.0.jar:/home/janak/.m2/repository/com/github/tomakehurst/wiremock/2.19.0/wiremock-2.19.0.jar:/home/janak/.m2/repository/org/eclipse/jetty/jetty-server/9.4.50.v20221201/jetty-server-9.4.50.v20221201.jar:/home/janak/.m2/repository/javax/servlet/javax.servlet-api/4.0.1/javax.servlet-api-4.0.1.jar:/home/janak/.m2/repository/org/eclipse/jetty/jetty-http/9.4.50.v20221201/jetty-http-9.4.50.v20221201.jar:/home/janak/.m2/repository/org/eclipse/jetty/jetty-io/9.4.50.v20221201/jetty-io-9.4.50.v20221201.jar:/home/janak/.m2/repository/org/eclipse/jetty/jetty-servlet/9.4.50.v20221201/jetty-servlet-9.4.50.v20221201.jar:/home/janak/.m2/repository/org/eclipse/jetty/jetty-security/9.4.50.v20221201/jetty-security-9.4.50.v20221201.jar:/home/janak/.m2/repository/org/eclipse/jetty/jetty-util-ajax/9.4.50.v20221201/jetty-util-ajax-9.4.50.v20221201.jar:/home/janak/.m2/repository/org/eclipse/jetty/jetty-servlets/9.4.50.v20221201/jetty-servlets-9.4.50.v20221201.jar:/home/janak/.m2/repository/org/eclipse/jetty/jetty-continuation/9.4.50.v20221201/jetty-continuation-9.4.50.v20221201.jar:/home/janak/.m2/repository/org/eclipse/jetty/jetty-util/9.4.50.v20221201/jetty-util-9.4.50.v20221201.jar:/home/janak/.m2/repository/org/eclipse/jetty/jetty-webapp/9.4.50.v20221201/jetty-webapp-9.4.50.v20221201.jar:/home/janak/.m2/repository/org/eclipse/jetty/jetty-xml/9.4.50.v20221201/jetty-xml-9.4.50.v20221201.jar:/home/janak/.m2/repository/com/fasterxml/jackson/core/jackson-core/2.13.5/jackson-core-2.13.5.jar:/home/janak/.m2/repository/com/fasterxml/jackson/core/jackson-annotations/2.13.5/jackson-annotations-2.13.5.jar:/home/janak/.m2/repository/org/apache/httpcomponents/httpclient/4.5.14/httpclient-4.5.14.jar:/home/janak/.m2/repository/org/apache/httpcomponents/httpcore/4.4.16/httpcore-4.4.16.jar:/home/janak/.m2/repository/commons-codec/commons-codec/1.15/commons-codec-1.15.jar:/home/janak/.m2/repository/org/xmlunit/xmlunit-legacy/2.9.1/xmlunit-legacy-2.9.1.jar:/home/janak/.m2/repository/org/slf4j/slf4j-api/1.7.36/slf4j-api-1.7.36.jar:/home/janak/.m2/repository/net/sf/jopt-simple/jopt-simple/5.0.3/jopt-simple-5.0.3.jar:/home/janak/.m2/repository/junit/junit/4.13.2/junit-4.13.2.jar:/home/janak/.m2/repository/org/apache/commons/commons-lang3/3.12.0/commons-lang3-3.12.0.jar:/home/janak/.m2/repository/com/flipkart/zjsonpatch/zjsonpatch/0.4.4/zjsonpatch-0.4.4.jar:/home/janak/.m2/repository/com/github/jknack/handlebars/4.0.7/handlebars-4.0.7.jar:/home/janak/.m2/repository/org/antlr/antlr4-runtime/4.7.1/antlr4-runtime-4.7.1.jar:/home/janak/.m2/repository/com/github/jknack/handlebars-helpers/4.0.7/handlebars-helpers-4.0.7.jar:/home/janak/.m2/repository/org/junit/jupiter/junit-jupiter-api/5.8.2/junit-jupiter-api-5.8.2.jar:/home/janak/.m2/repository/org/opentest4j/opentest4j/1.2.0/opentest4j-1.2.0.jar:/home/janak/.m2/repository/org/junit/platform/junit-platform-commons/1.8.2/junit-platform-commons-1.8.2.jar:/home/janak/.m2/repository/org/apiguardian/apiguardian-api/1.1.2/apiguardian-api-1.1.2.jar:/home/janak/.m2/repository/org/awaitility/awaitility/4.2.0/awaitility-4.2.0.jar:/home/janak/.m2/repository/org/hamcrest/hamcrest/2.2/hamcrest-2.2.jar:/home/janak/.m2/repository/org/springframework/spring-jms/5.3.25/spring-jms-5.3.25.jar:/home/janak/.m2/repository/org/springframework/spring-beans/5.3.25/spring-beans-5.3.25.jar:/home/janak/.m2/repository/org/springframework/spring-core/5.3.25/spring-core-5.3.25.jar:/home/janak/.m2/repository/org/springframework/spring-jcl/5.3.25/spring-jcl-5.3.25.jar:/home/janak/.m2/repository/org/springframework/spring-messaging/5.3.25/spring-messaging-5.3.25.jar:/home/janak/.m2/repository/org/springframework/spring-tx/5.3.25/spring-tx-5.3.25.jar:/home/janak/.m2/repository/javax/jms/javax.jms-api/2.0.1/javax.jms-api-2.0.1.jar:/home/janak/.m2/repository/org/apache/activemq/activemq-broker/5.16.6/activemq-broker-5.16.6.jar:/home/janak/.m2/repository/org/apache/activemq/activemq-client/5.16.6/activemq-client-5.16.6.jar:/home/janak/.m2/repository/org/apache/geronimo/specs/geronimo-jms_1.1_spec/1.1.1/geronimo-jms_1.1_spec-1.1.1.jar:/home/janak/.m2/repository/org/fusesource/hawtbuf/hawtbuf/1.11/hawtbuf-1.11.jar:/home/janak/.m2/repository/org/apache/geronimo/specs/geronimo-j2ee-management_1.1_spec/1.0.1/geronimo-j2ee-management_1.1_spec-1.0.1.jar:/home/janak/.m2/repository/org/apache/activemq/activemq-openwire-legacy/5.16.6/activemq-openwire-legacy-5.16.6.jar:/home/janak/.m2/repository/com/fasterxml/jackson/core/jackson-databind/2.13.5/jackson-databind-2.13.5.jar:/home/janak/.m2/repository/org/springframework/statemachine/spring-statemachine-core/3.2.0/spring-statemachine-core-3.2.0.jar:/home/janak/.m2/repository/io/projectreactor/reactor-core/3.4.27/reactor-core-3.4.27.jar:/home/janak/.m2/repository/org/reactivestreams/reactive-streams/1.0.4/reactive-streams-1.0.4.jar:/home/janak/.m2/repository/org/springframework/boot/spring-boot-starter-artemis/2.7.9/spring-boot-starter-artemis-2.7.9.jar:/home/janak/.m2/repository/org/springframework/boot/spring-boot-starter/2.7.9/spring-boot-starter-2.7.9.jar:/home/janak/.m2/repository/org/springframework/boot/spring-boot-starter-logging/2.7.9/spring-boot-starter-logging-2.7.9.jar:/home/janak/.m2/repository/ch/qos/logback/logback-classic/1.2.11/logback-classic-1.2.11.jar:/home/janak/.m2/repository/ch/qos/logback/logback-core/1.2.11/logback-core-1.2.11.jar:/home/janak/.m2/repository/org/apache/logging/log4j/log4j-to-slf4j/2.17.2/log4j-to-slf4j-2.17.2.jar:/home/janak/.m2/repository/org/apache/logging/log4j/log4j-api/2.17.2/log4j-api-2.17.2.jar:/home/janak/.m2/repository/org/slf4j/jul-to-slf4j/1.7.36/jul-to-slf4j-1.7.36.jar:/home/janak/.m2/repository/jakarta/annotation/jakarta.annotation-api/1.3.5/jakarta.annotation-api-1.3.5.jar:/home/janak/.m2/repository/org/yaml/snakeyaml/1.30/snakeyaml-1.30.jar:/home/janak/.m2/repository/org/springframework/cloud/spring-cloud-starter-netflix-eureka-client/3.1.5/spring-cloud-starter-netflix-eureka-client-3.1.5.jar:/home/janak/.m2/repository/org/springframework/cloud/spring-cloud-starter/3.1.6/spring-cloud-starter-3.1.6.jar:/home/janak/.m2/repository/org/springframework/cloud/spring-cloud-context/3.1.6/spring-cloud-context-3.1.6.jar:/home/janak/.m2/repository/org/springframework/security/spring-security-rsa/1.0.11.RELEASE/spring-security-rsa-1.0.11.RELEASE.jar:/home/janak/.m2/repository/org/bouncycastle/bcpkix-jdk15on/1.69/bcpkix-jdk15on-1.69.jar:/home/janak/.m2/repository/org/bouncycastle/bcprov-jdk15on/1.69/bcprov-jdk15on-1.69.jar:/home/janak/.m2/repository/org/bouncycastle/bcutil-jdk15on/1.69/bcutil-jdk15on-1.69.jar:/home/janak/.m2/repository/org/springframework/cloud/spring-cloud-netflix-eureka-client/3.1.5/spring-cloud-netflix-eureka-client-3.1.5.jar:/home/janak/.m2/repository/com/netflix/eureka/eureka-client/1.10.17/eureka-client-1.10.17.jar:/home/janak/.m2/repository/com/netflix/netflix-commons/netflix-eventbus/0.3.0/netflix-eventbus-0.3.0.jar:/home/janak/.m2/repository/com/netflix/netflix-commons/netflix-infix/0.3.0/netflix-infix-0.3.0.jar:/home/janak/.m2/repository/commons-jxpath/commons-jxpath/1.3/commons-jxpath-1.3.jar:/home/janak/.m2/repository/joda-time/joda-time/2.3/joda-time-2.3.jar:/home/janak/.m2/repository/org/antlr/antlr-runtime/3.4/antlr-runtime-3.4.jar:/home/janak/.m2/repository/org/antlr/stringtemplate/3.2.1/stringtemplate-3.2.1.jar:/home/janak/.m2/repository/com/google/code/gson/gson/2.9.1/gson-2.9.1.jar:/home/janak/.m2/repository/org/apache/commons/commons-math/2.2/commons-math-2.2.jar:/home/janak/.m2/repository/com/thoughtworks/xstream/xstream/1.4.18/xstream-1.4.18.jar:/home/janak/.m2/repository/io/github/x-stream/mxparser/1.2.2/mxparser-1.2.2.jar:/home/janak/.m2/repository/xmlpull/xmlpull/1.1.3.1/xmlpull-1.1.3.1.jar:/home/janak/.m2/repository/javax/ws/rs/jsr311-api/1.1.1/jsr311-api-1.1.1.jar:/home/janak/.m2/repository/com/netflix/servo/servo-core/0.12.21/servo-core-0.12.21.jar:/home/janak/.m2/repository/commons-configuration/commons-configuration/1.10/commons-configuration-1.10.jar:/home/janak/.m2/repository/commons-lang/commons-lang/2.6/commons-lang-2.6.jar:/home/janak/.m2/repository/com/google/inject/guice/4.1.0/guice-4.1.0.jar:/home/janak/.m2/repository/javax/inject/javax.inject/1/javax.inject-1.jar:/home/janak/.m2/repository/org/codehaus/jettison/jettison/1.4.0/jettison-1.4.0.jar:/home/janak/.m2/repository/com/netflix/eureka/eureka-core/1.10.17/eureka-core-1.10.17.jar:/home/janak/.m2/repository/com/fasterxml/woodstox/woodstox-core/6.2.1/woodstox-core-6.2.1.jar:/home/janak/.m2/repository/org/codehaus/woodstox/stax2-api/4.2.1/stax2-api-4.2.1.jar:/home/janak/.m2/repository/org/springframework/cloud/spring-cloud-starter-loadbalancer/3.1.6/spring-cloud-starter-loadbalancer-3.1.6.jar:/home/janak/.m2/repository/org/springframework/cloud/spring-cloud-loadbalancer/3.1.6/spring-cloud-loadbalancer-3.1.6.jar:/home/janak/.m2/repository/io/projectreactor/addons/reactor-extra/3.4.9/reactor-extra-3.4.9.jar:/home/janak/.m2/repository/org/springframework/boot/spring-boot-starter-cache/2.7.9/spring-boot-starter-cache-2.7.9.jar:/home/janak/.m2/repository/org/springframework/spring-context-support/5.3.25/spring-context-support-5.3.25.jar:/home/janak/.m2/repository/com/stoyanr/evictor/1.0.0/evictor-1.0.0.jar:/home/janak/.m2/repository/org/springframework/boot/spring-boot-starter-web/2.7.9/spring-boot-starter-web-2.7.9.jar:/home/janak/.m2/repository/org/springframework/boot/spring-boot-starter-json/2.7.9/spring-boot-starter-json-2.7.9.jar:/home/janak/.m2/repository/com/fasterxml/jackson/datatype/jackson-datatype-jdk8/2.13.5/jackson-datatype-jdk8-2.13.5.jar:/home/janak/.m2/repository/com/fasterxml/jackson/datatype/jackson-datatype-jsr310/2.13.5/jackson-datatype-jsr310-2.13.5.jar:/home/janak/.m2/repository/com/fasterxml/jackson/module/jackson-module-parameter-names/2.13.5/jackson-module-parameter-names-2.13.5.jar:/home/janak/.m2/repository/org/springframework/boot/spring-boot-starter-tomcat/2.7.9/spring-boot-starter-tomcat-2.7.9.jar:/home/janak/.m2/repository/org/apache/tomcat/embed/tomcat-embed-core/9.0.71/tomcat-embed-core-9.0.71.jar:/home/janak/.m2/repository/org/apache/tomcat/embed/tomcat-embed-websocket/9.0.71/tomcat-embed-websocket-9.0.71.jar:/home/janak/.m2/repository/org/springframework/spring-web/5.3.25/spring-web-5.3.25.jar:/home/janak/.m2/repository/org/springframework/spring-webmvc/5.3.25/spring-webmvc-5.3.25.jar:/home/janak/.m2/repository/org/springframework/spring-aop/5.3.25/spring-aop-5.3.25.jar:/home/janak/.m2/repository/org/springframework/spring-context/5.3.25/spring-context-5.3.25.jar:/home/janak/.m2/repository/org/springframework/spring-expression/5.3.25/spring-expression-5.3.25.jar:/home/janak/.m2/repository/org/springframework/boot/spring-boot-starter-validation/2.7.9/spring-boot-starter-validation-2.7.9.jar:/home/janak/.m2/repository/org/apache/tomcat/embed/tomcat-embed-el/9.0.71/tomcat-embed-el-9.0.71.jar:/home/janak/.m2/repository/org/hibernate/validator/hibernate-validator/6.2.5.Final/hibernate-validator-6.2.5.Final.jar:/home/janak/.m2/repository/jakarta/validation/jakarta.validation-api/2.0.2/jakarta.validation-api-2.0.2.jar:/home/janak/.m2/repository/com/fasterxml/classmate/1.5.1/classmate-1.5.1.jar:/home/janak/.m2/repository/org/springframework/boot/spring-boot-starter-actuator/2.7.9/spring-boot-starter-actuator-2.7.9.jar:/home/janak/.m2/repository/org/springframework/boot/spring-boot-actuator-autoconfigure/2.7.9/spring-boot-actuator-autoconfigure-2.7.9.jar:/home/janak/.m2/repository/org/springframework/boot/spring-boot-actuator/2.7.9/spring-boot-actuator-2.7.9.jar:/home/janak/.m2/repository/io/micrometer/micrometer-core/1.9.8/micrometer-core-1.9.8.jar:/home/janak/.m2/repository/org/hdrhistogram/HdrHistogram/2.1.12/HdrHistogram-2.1.12.jar:/home/janak/.m2/repository/org/latencyutils/LatencyUtils/2.0.3/LatencyUtils-2.0.3.jar:/home/janak/.m2/repository/org/springframework/boot/spring-boot-starter-data-jpa/2.7.9/spring-boot-starter-data-jpa-2.7.9.jar:/home/janak/.m2/repository/org/springframework/boot/spring-boot-starter-aop/2.7.9/spring-boot-starter-aop-2.7.9.jar:/home/janak/.m2/repository/org/aspectj/aspectjweaver/1.9.7/aspectjweaver-1.9.7.jar:/home/janak/.m2/repository/org/springframework/boot/spring-boot-starter-jdbc/2.7.9/spring-boot-starter-jdbc-2.7.9.jar:/home/janak/.m2/repository/com/zaxxer/HikariCP/4.0.3/HikariCP-4.0.3.jar:/home/janak/.m2/repository/org/springframework/spring-jdbc/5.3.25/spring-jdbc-5.3.25.jar:/home/janak/.m2/repository/jakarta/persistence/jakarta.persistence-api/2.2.3/jakarta.persistence-api-2.2.3.jar:/home/janak/.m2/repository/org/hibernate/hibernate-core/5.6.15.Final/hibernate-core-5.6.15.Final.jar:/home/janak/.m2/repository/net/bytebuddy/byte-buddy/1.12.23/byte-buddy-1.12.23.jar:/home/janak/.m2/repository/antlr/antlr/2.7.7/antlr-2.7.7.jar:/home/janak/.m2/repository/org/jboss/jandex/2.4.2.Final/jandex-2.4.2.Final.jar:/home/janak/.m2/repository/org/hibernate/common/hibernate-commons-annotations/5.1.2.Final/hibernate-commons-annotations-5.1.2.Final.jar:/home/janak/.m2/repository/org/glassfish/jaxb/jaxb-runtime/2.3.8/jaxb-runtime-2.3.8.jar:/home/janak/.m2/repository/org/glassfish/jaxb/txw2/2.3.8/txw2-2.3.8.jar:/home/janak/.m2/repository/com/sun/istack/istack-commons-runtime/3.0.12/istack-commons-runtime-3.0.12.jar:/home/janak/.m2/repository/com/sun/activation/jakarta.activation/1.2.2/jakarta.activation-1.2.2.jar:/home/janak/.m2/repository/org/springframework/data/spring-data-jpa/2.7.8/spring-data-jpa-2.7.8.jar:/home/janak/.m2/repository/org/springframework/data/spring-data-commons/2.7.8/spring-data-commons-2.7.8.jar:/home/janak/.m2/repository/org/springframework/spring-orm/5.3.25/spring-orm-5.3.25.jar:/home/janak/.m2/repository/org/springframework/spring-aspects/5.3.25/spring-aspects-5.3.25.jar:/home/janak/.m2/repository/com/h2database/h2/2.1.214/h2-2.1.214.jar:/home/janak/.m2/repository/org/springframework/boot/spring-boot-devtools/2.7.9/spring-boot-devtools-2.7.9.jar:/home/janak/.m2/repository/org/springframework/boot/spring-boot/2.7.9/spring-boot-2.7.9.jar:/home/janak/.m2/repository/org/springframework/boot/spring-boot-autoconfigure/2.7.9/spring-boot-autoconfigure-2.7.9.jar:/home/janak/.m2/repository/com/mysql/mysql-connector-j/8.0.32/mysql-connector-j-8.0.32.jar:/home/janak/.m2/repository/org/springframework/cloud/spring-cloud-starter-openfeign/3.1.6/spring-cloud-starter-openfeign-3.1.6.jar:/home/janak/.m2/repository/org/springframework/cloud/spring-cloud-openfeign-core/3.1.6/spring-cloud-openfeign-core-3.1.6.jar:/home/janak/.m2/repository/io/github/openfeign/form/feign-form-spring/3.8.0/feign-form-spring-3.8.0.jar:/home/janak/.m2/repository/io/github/openfeign/form/feign-form/3.8.0/feign-form-3.8.0.jar:/home/janak/.m2/repository/commons-fileupload/commons-fileupload/1.4/commons-fileupload-1.4.jar:/home/janak/.m2/repository/org/springframework/cloud/spring-cloud-commons/3.1.6/spring-cloud-commons-3.1.6.jar:/home/janak/.m2/repository/org/springframework/security/spring-security-crypto/5.7.7/spring-security-crypto-5.7.7.jar:/home/janak/.m2/repository/io/github/openfeign/feign-core/11.10/feign-core-11.10.jar:/home/janak/.m2/repository/io/github/openfeign/feign-slf4j/11.10/feign-slf4j-11.10.jar:/home/janak/.m2/repository/org/projectlombok/lombok/1.18.26/lombok-1.18.26.jar:/home/janak/.m2/repository/org/mapstruct/mapstruct/1.3.0.Final/mapstruct-1.3.0.Final.jar:/home/janak/.m2/repository/org/springframework/boot/spring-boot-starter-test/2.7.9/spring-boot-starter-test-2.7.9.jar:/home/janak/.m2/repository/org/springframework/boot/spring-boot-test/2.7.9/spring-boot-test-2.7.9.jar:/home/janak/.m2/repository/org/springframework/boot/spring-boot-test-autoconfigure/2.7.9/spring-boot-test-autoconfigure-2.7.9.jar:/home/janak/.m2/repository/com/jayway/jsonpath/json-path/2.7.0/json-path-2.7.0.jar:/home/janak/.m2/repository/net/minidev/json-smart/2.4.8/json-smart-2.4.8.jar:/home/janak/.m2/repository/net/minidev/accessors-smart/2.4.8/accessors-smart-2.4.8.jar:/home/janak/.m2/repository/org/ow2/asm/asm/9.1/asm-9.1.jar:/home/janak/.m2/repository/jakarta/xml/bind/jakarta.xml.bind-api/2.3.3/jakarta.xml.bind-api-2.3.3.jar:/home/janak/.m2/repository/jakarta/activation/jakarta.activation-api/1.2.2/jakarta.activation-api-1.2.2.jar:/home/janak/.m2/repository/org/assertj/assertj-core/3.22.0/assertj-core-3.22.0.jar:/home/janak/.m2/repository/org/junit/jupiter/junit-jupiter/5.8.2/junit-jupiter-5.8.2.jar:/home/janak/.m2/repository/org/junit/jupiter/junit-jupiter-params/5.8.2/junit-jupiter-params-5.8.2.jar:/home/janak/.m2/repository/org/junit/jupiter/junit-jupiter-engine/5.8.2/junit-jupiter-engine-5.8.2.jar:/home/janak/.m2/repository/org/junit/platform/junit-platform-engine/1.8.2/junit-platform-engine-1.8.2.jar:/home/janak/.m2/repository/org/mockito/mockito-core/4.5.1/mockito-core-4.5.1.jar:/home/janak/.m2/repository/net/bytebuddy/byte-buddy-agent/1.12.23/byte-buddy-agent-1.12.23.jar:/home/janak/.m2/repository/org/objenesis/objenesis/3.2/objenesis-3.2.jar:/home/janak/.m2/repository/org/mockito/mockito-junit-jupiter/4.5.1/mockito-junit-jupiter-4.5.1.jar:/home/janak/.m2/repository/org/skyscreamer/jsonassert/1.5.1/jsonassert-1.5.1.jar:/home/janak/.m2/repository/com/vaadin/external/google/android-json/0.0.20131108.vaadin1/android-json-0.0.20131108.vaadin1.jar:/home/janak/.m2/repository/org/springframework/spring-test/5.3.25/spring-test-5.3.25.jar:/home/janak/.m2/repository/org/xmlunit/xmlunit-core/2.9.1/xmlunit-core-2.9.1.jar:"/>
    <property name="sun.cpu.endian" value="little"/>
    <property name="user.home" value="/home/janak"/>
    <property name="user.language" value="en"/>
    <property name="java.specification.vendor" value="Oracle Corporation"/>
    <property name="java.version.date" value="2023-01-17"/>
    <property name="java.home" value="/usr/lib/jvm/java-17-openjdk-amd64"/>
    <property name="file.separator" value="/"/>
    <property name="basedir" value="/home/janak/Desktop/workspace/pocs/microservice project/mssc-beer-order-service"/>
    <property name="java.vm.compressedOopsMode" value="Zero based"/>
    <property name="line.separator" value="&#10;"/>
    <property name="java.vm.specification.vendor" value="Oracle Corporation"/>
    <property name="java.specification.name" value="Java Platform API Specification"/>
    <property name="surefire.real.class.path" value="/home/janak/Desktop/workspace/pocs/microservice project/mssc-beer-order-service/target/surefire/surefirebooter2471965623762738593.jar"/>
    <property name="sun.management.compiler" value="HotSpot 64-Bit Tiered Compilers"/>
    <property name="java.runtime.version" value="17.0.6+10-Ubuntu-0ubuntu122.04"/>
    <property name="user.name" value="janak"/>
    <property name="path.separator" value=":"/>
    <property name="os.version" value="5.19.0-35-generic"/>
    <property name="java.runtime.name" value="OpenJDK Runtime Environment"/>
    <property name="file.encoding" value="UTF-8"/>
    <property name="java.vm.name" value="OpenJDK 64-Bit Server VM"/>
    <property name="localRepository" value="/home/janak/.m2/repository"/>
    <property name="java.vendor.url.bug" value="Unknown"/>
    <property name="java.io.tmpdir" value="/tmp"/>
    <property name="idea.version" value="2022.3.3"/>
    <property name="java.version" value="17.0.6"/>
    <property name="user.dir" value="/home/janak/Desktop/workspace/pocs/microservice project/mssc-beer-order-service"/>
    <property name="os.arch" value="amd64"/>
    <property name="java.vm.specification.name" value="Java Virtual Machine Specification"/>
    <property name="native.encoding" value="UTF-8"/>
    <property name="java.library.path" value="/usr/java/packages/lib:/usr/lib/x86_64-linux-gnu/jni:/lib/x86_64-linux-gnu:/usr/lib/x86_64-linux-gnu:/usr/lib/jni:/lib:/usr/lib"/>
    <property name="java.vm.info" value="mixed mode, sharing"/>
    <property name="java.vendor" value="Private Build"/>
    <property name="java.vm.version" value="17.0.6+10-Ubuntu-0ubuntu122.04"/>
    <property name="sun.io.unicode.encoding" value="UnicodeLittle"/>
    <property name="java.class.version" value="61.0"/>
  </properties>
  <testcase name="contextLoads" classname="com.sfg.BeerOrderServiceApplicationTests" time="0.13"/>
</testsuite>